{"/Users/maxb/Documents/Focus/maxbsoft/tongue-tuner-for-youtube-chrome-extension/src/core/services/youtube/youtube-content-parser-api.ts": {"path":"/Users/maxb/Documents/Focus/maxbsoft/tongue-tuner-for-youtube-chrome-extension/src/core/services/youtube/youtube-content-parser-api.ts","statementMap":{"0":{"start":{"line":11,"column":0},"end":{"line":11,"column":null}},"1":{"start":{"line":12,"column":2},"end":{"line":12,"column":null}},"2":{"start":{"line":13,"column":2},"end":{"line":13,"column":null}},"3":{"start":{"line":14,"column":2},"end":{"line":14,"column":null}},"4":{"start":{"line":15,"column":2},"end":{"line":15,"column":null}},"5":{"start":{"line":16,"column":2},"end":{"line":16,"column":null}},"6":{"start":{"line":17,"column":2},"end":{"line":17,"column":null}},"7":{"start":{"line":22,"column":13},"end":{"line":34,"column":2}},"8":{"start":{"line":41,"column":4},"end":{"line":41,"column":51}},"9":{"start":{"line":42,"column":4},"end":{"line":42,"column":21}},"10":{"start":{"line":43,"column":4},"end":{"line":43,"column":41}},"11":{"start":{"line":44,"column":4},"end":{"line":44,"column":44}},"12":{"start":{"line":48,"column":4},"end":{"line":50,"column":85}},"13":{"start":{"line":36,"column":0},"end":{"line":36,"column":13}},"14":{"start":{"line":57,"column":26},"end":{"line":67,"column":1}},"15":{"start":{"line":58,"column":25},"end":{"line":58,"column":78}},"16":{"start":{"line":59,"column":2},"end":{"line":61,"column":null}},"17":{"start":{"line":60,"column":4},"end":{"line":60,"column":29}},"18":{"start":{"line":62,"column":25},"end":{"line":62,"column":76}},"19":{"start":{"line":63,"column":2},"end":{"line":65,"column":null}},"20":{"start":{"line":64,"column":4},"end":{"line":64,"column":29}},"21":{"start":{"line":66,"column":2},"end":{"line":66,"column":89}},"22":{"start":{"line":57,"column":13},"end":{"line":57,"column":26}},"23":{"start":{"line":72,"column":30},"end":{"line":116,"column":1}},"24":{"start":{"line":73,"column":2},"end":{"line":115,"column":null}},"25":{"start":{"line":74,"column":38},"end":{"line":82,"column":22}},"26":{"start":{"line":83,"column":4},"end":{"line":85,"column":null}},"27":{"start":{"line":84,"column":6},"end":{"line":84,"column":91}},"28":{"start":{"line":87,"column":20},"end":{"line":87,"column":53}},"29":{"start":{"line":89,"column":28},"end":{"line":91,"column":67}},"30":{"start":{"line":92,"column":4},"end":{"line":97,"column":null}},"31":{"start":{"line":93,"column":6},"end":{"line":93,"column":73}},"32":{"start":{"line":94,"column":6},"end":{"line":96,"column":8}},"33":{"start":{"line":99,"column":56},"end":{"line":99,"column":83}},"34":{"start":{"line":100,"column":4},"end":{"line":104,"column":null}},"35":{"start":{"line":101,"column":6},"end":{"line":103,"column":8}},"36":{"start":{"line":105,"column":4},"end":{"line":105,"column":23}},"37":{"start":{"line":107,"column":4},"end":{"line":114,"column":null}},"38":{"start":{"line":108,"column":6},"end":{"line":108,"column":18}},"39":{"start":{"line":110,"column":6},"end":{"line":113,"column":8}},"40":{"start":{"line":72,"column":13},"end":{"line":72,"column":30}},"41":{"start":{"line":121,"column":34},"end":{"line":168,"column":1}},"42":{"start":{"line":122,"column":2},"end":{"line":167,"column":null}},"43":{"start":{"line":123,"column":56},"end":{"line":131,"column":22}},"44":{"start":{"line":132,"column":4},"end":{"line":140,"column":null}},"45":{"start":{"line":137,"column":6},"end":{"line":139,"column":8}},"46":{"start":{"line":142,"column":6},"end":{"line":145,"column":31}},"47":{"start":{"line":146,"column":42},"end":{"line":146,"column":81}},"48":{"start":{"line":147,"column":4},"end":{"line":151,"column":null}},"49":{"start":{"line":148,"column":6},"end":{"line":150,"column":8}},"50":{"start":{"line":152,"column":4},"end":{"line":152,"column":41}},"51":{"start":{"line":154,"column":4},"end":{"line":166,"column":null}},"52":{"start":{"line":155,"column":6},"end":{"line":155,"column":18}},"53":{"start":{"line":156,"column":11},"end":{"line":166,"column":null}},"54":{"start":{"line":157,"column":6},"end":{"line":160,"column":8}},"55":{"start":{"line":162,"column":6},"end":{"line":165,"column":8}},"56":{"start":{"line":121,"column":13},"end":{"line":121,"column":34}}},"fnMap":{"0":{"name":"(anonymous_0)","decl":{"start":{"line":11,"column":0},"end":{"line":11,"column":12}},"loc":{"start":{"line":11,"column":42},"end":{"line":19,"column":1}}},"1":{"name":"(anonymous_1)","decl":{"start":{"line":40,"column":2},"end":{"line":40,"column":14}},"loc":{"start":{"line":40,"column":88},"end":{"line":45,"column":3}}},"2":{"name":"(anonymous_2)","decl":{"start":{"line":47,"column":2},"end":{"line":47,"column":12}},"loc":{"start":{"line":47,"column":12},"end":{"line":51,"column":3}}},"3":{"name":"(anonymous_3)","decl":{"start":{"line":57,"column":26},"end":{"line":57,"column":37}},"loc":{"start":{"line":57,"column":39},"end":{"line":67,"column":1}}},"4":{"name":"(anonymous_4)","decl":{"start":{"line":72,"column":30},"end":{"line":72,"column":33}},"loc":{"start":{"line":72,"column":35},"end":{"line":116,"column":1}}},"5":{"name":"(anonymous_5)","decl":{"start":{"line":121,"column":34},"end":{"line":121,"column":37}},"loc":{"start":{"line":121,"column":39},"end":{"line":168,"column":1}}}},"branchMap":{"0":{"loc":{"start":{"line":11,"column":12},"end":{"line":11,"column":null}},"type":"binary-expr","locations":[{"start":{"line":11,"column":12},"end":{"line":11,"column":42}},{"start":{"line":11,"column":12},"end":{"line":11,"column":null}}]},"1":{"loc":{"start":{"line":40,"column":52},"end":{"line":40,"column":88}},"type":"default-arg","locations":[{"start":{"line":40,"column":84},"end":{"line":40,"column":88}}]},"2":{"loc":{"start":{"line":48,"column":11},"end":{"line":50,"column":84}},"type":"cond-expr","locations":[{"start":{"line":49,"column":8},"end":{"line":49,"column":45}},{"start":{"line":50,"column":8},"end":{"line":50,"column":84}}]},"3":{"loc":{"start":{"line":59,"column":2},"end":{"line":61,"column":null}},"type":"if","locations":[{"start":{"line":59,"column":2},"end":{"line":61,"column":null}}]},"4":{"loc":{"start":{"line":59,"column":6},"end":{"line":59,"column":49}},"type":"binary-expr","locations":[{"start":{"line":59,"column":6},"end":{"line":59,"column":20}},{"start":{"line":59,"column":24},"end":{"line":59,"column":49}}]},"5":{"loc":{"start":{"line":63,"column":2},"end":{"line":65,"column":null}},"type":"if","locations":[{"start":{"line":63,"column":2},"end":{"line":65,"column":null}}]},"6":{"loc":{"start":{"line":63,"column":6},"end":{"line":63,"column":49}},"type":"binary-expr","locations":[{"start":{"line":63,"column":6},"end":{"line":63,"column":20}},{"start":{"line":63,"column":24},"end":{"line":63,"column":49}}]},"7":{"loc":{"start":{"line":83,"column":4},"end":{"line":85,"column":null}},"type":"if","locations":[{"start":{"line":83,"column":4},"end":{"line":85,"column":null}}]},"8":{"loc":{"start":{"line":83,"column":8},"end":{"line":83,"column":86}},"type":"binary-expr","locations":[{"start":{"line":83,"column":8},"end":{"line":83,"column":21}},{"start":{"line":83,"column":26},"end":{"line":83,"column":38}},{"start":{"line":83,"column":42},"end":{"line":83,"column":85}}]},"9":{"loc":{"start":{"line":92,"column":4},"end":{"line":97,"column":null}},"type":"if","locations":[{"start":{"line":92,"column":4},"end":{"line":97,"column":null}}]},"10":{"loc":{"start":{"line":92,"column":8},"end":{"line":92,"column":73}},"type":"binary-expr","locations":[{"start":{"line":92,"column":8},"end":{"line":92,"column":42}},{"start":{"line":92,"column":46},"end":{"line":92,"column":73}}]},"11":{"loc":{"start":{"line":100,"column":4},"end":{"line":104,"column":null}},"type":"if","locations":[{"start":{"line":100,"column":4},"end":{"line":104,"column":null}}]},"12":{"loc":{"start":{"line":107,"column":4},"end":{"line":114,"column":null}},"type":"if","locations":[{"start":{"line":107,"column":4},"end":{"line":114,"column":null}},{"start":{"line":109,"column":11},"end":{"line":114,"column":null}}]},"13":{"loc":{"start":{"line":132,"column":4},"end":{"line":140,"column":null}},"type":"if","locations":[{"start":{"line":132,"column":4},"end":{"line":140,"column":null}}]},"14":{"loc":{"start":{"line":133,"column":6},"end":{"line":135,"column":70}},"type":"binary-expr","locations":[{"start":{"line":133,"column":6},"end":{"line":133,"column":37}},{"start":{"line":134,"column":7},"end":{"line":134,"column":37}},{"start":{"line":135,"column":8},"end":{"line":135,"column":69}}]},"15":{"loc":{"start":{"line":147,"column":4},"end":{"line":151,"column":null}},"type":"if","locations":[{"start":{"line":147,"column":4},"end":{"line":151,"column":null}}]},"16":{"loc":{"start":{"line":154,"column":4},"end":{"line":166,"column":null}},"type":"if","locations":[{"start":{"line":154,"column":4},"end":{"line":166,"column":null}},{"start":{"line":156,"column":11},"end":{"line":166,"column":null}}]},"17":{"loc":{"start":{"line":156,"column":11},"end":{"line":166,"column":null}},"type":"if","locations":[{"start":{"line":156,"column":11},"end":{"line":166,"column":null}},{"start":{"line":161,"column":11},"end":{"line":166,"column":null}}]}},"s":{"0":1,"1":1,"2":1,"3":1,"4":1,"5":1,"6":1,"7":1,"8":2,"9":2,"10":2,"11":2,"12":0,"13":1,"14":1,"15":1,"16":1,"17":1,"18":0,"19":0,"20":0,"21":0,"22":1,"23":1,"24":2,"25":2,"26":2,"27":1,"28":1,"29":1,"30":1,"31":0,"32":0,"33":1,"34":1,"35":0,"36":1,"37":1,"38":1,"39":0,"40":1,"41":1,"42":0,"43":0,"44":0,"45":0,"46":0,"47":0,"48":0,"49":0,"50":0,"51":0,"52":0,"53":0,"54":0,"55":0,"56":1},"f":{"0":1,"1":2,"2":0,"3":1,"4":2,"5":0},"b":{"0":[1,1],"1":[2],"2":[0,0],"3":[1],"4":[1,1],"5":[0],"6":[0,0],"7":[1],"8":[2,1,1],"9":[0],"10":[1,1],"11":[0],"12":[1,0],"13":[0],"14":[0,0,0],"15":[0],"16":[0,0],"17":[0,0]}}
}
