TN:
SF:src/core/services/youtube/youtube-content-parser-api.ts
FN:11,(anonymous_0)
FN:40,(anonymous_1)
FN:47,(anonymous_2)
FN:57,(anonymous_3)
FN:72,(anonymous_4)
FN:121,(anonymous_5)
FNF:6
FNH:4
FNDA:1,(anonymous_0)
FNDA:2,(anonymous_1)
FNDA:0,(anonymous_2)
FNDA:1,(anonymous_3)
FNDA:2,(anonymous_4)
FNDA:0,(anonymous_5)
DA:11,1
DA:12,1
DA:13,1
DA:14,1
DA:15,1
DA:16,1
DA:17,1
DA:22,1
DA:36,1
DA:41,2
DA:42,2
DA:43,2
DA:44,2
DA:48,0
DA:57,1
DA:58,1
DA:59,1
DA:60,1
DA:62,0
DA:63,0
DA:64,0
DA:66,0
DA:72,1
DA:73,2
DA:74,2
DA:83,2
DA:84,1
DA:87,1
DA:89,1
DA:92,1
DA:93,0
DA:94,0
DA:99,1
DA:100,1
DA:101,0
DA:105,1
DA:107,1
DA:108,1
DA:110,0
DA:121,1
DA:122,0
DA:123,0
DA:132,0
DA:137,0
DA:142,0
DA:146,0
DA:147,0
DA:148,0
DA:152,0
DA:154,0
DA:155,0
DA:156,0
DA:157,0
DA:162,0
LF:54
LH:31
BRDA:11,0,0,1
BRDA:11,0,1,1
BRDA:40,1,0,2
BRDA:48,2,0,0
BRDA:48,2,1,0
BRDA:59,3,0,1
BRDA:59,4,0,1
BRDA:59,4,1,1
BRDA:63,5,0,0
BRDA:63,6,0,0
BRDA:63,6,1,0
BRDA:83,7,0,1
BRDA:83,8,0,2
BRDA:83,8,1,1
BRDA:83,8,2,1
BRDA:92,9,0,0
BRDA:92,10,0,1
BRDA:92,10,1,1
BRDA:100,11,0,0
BRDA:107,12,0,1
BRDA:107,12,1,0
BRDA:132,13,0,0
BRDA:133,14,0,0
BRDA:133,14,1,0
BRDA:133,14,2,0
BRDA:147,15,0,0
BRDA:154,16,0,0
BRDA:154,16,1,0
BRDA:156,17,0,0
BRDA:156,17,1,0
BRF:30
BRH:13
end_of_record
